0 info it worked if it ends with ok
1 verbose cli [ '/Users/zach/.nvm/versions/node/v6.9.1/bin/node',
1 verbose cli   '/Users/zach/.nvm/versions/node/v6.9.1/bin/npm',
1 verbose cli   'publish' ]
2 info using npm@4.0.2
3 info using node@v6.9.1
4 verbose publish [ '.' ]
5 silly cache add args [ '.', null ]
6 verbose cache add spec .
7 silly cache add parsed spec Result {
7 silly cache add   raw: '.',
7 silly cache add   scope: null,
7 silly cache add   escapedName: null,
7 silly cache add   name: null,
7 silly cache add   rawSpec: '.',
7 silly cache add   spec: '/Users/zach/bgg-get',
7 silly cache add   type: 'directory' }
8 verbose addLocalDirectory /Users/zach/.npm/bgg-get/3.1.0/package.tgz not in flight; packing
9 verbose correctMkdir /Users/zach/.npm correctMkdir not in flight; initializing
10 info lifecycle bgg-get@3.1.0~prepublish: bgg-get@3.1.0
11 silly lifecycle bgg-get@3.1.0~prepublish: no script for prepublish, continuing
12 info lifecycle bgg-get@3.1.0~prepare: bgg-get@3.1.0
13 silly lifecycle bgg-get@3.1.0~prepare: no script for prepare, continuing
14 verbose tar pack [ '/Users/zach/.npm/bgg-get/3.1.0/package.tgz',
14 verbose tar pack   '/Users/zach/bgg-get' ]
15 verbose tarball /Users/zach/.npm/bgg-get/3.1.0/package.tgz
16 verbose folder /Users/zach/bgg-get
17 verbose addLocalTarball adding from inside cache /Users/zach/.npm/bgg-get/3.1.0/package.tgz
18 verbose correctMkdir /Users/zach/.npm correctMkdir not in flight; initializing
19 silly cache afterAdd bgg-get@3.1.0
20 verbose afterAdd /Users/zach/.npm/bgg-get/3.1.0/package/package.json not in flight; writing
21 verbose correctMkdir /Users/zach/.npm correctMkdir not in flight; initializing
22 verbose afterAdd /Users/zach/.npm/bgg-get/3.1.0/package/package.json written
23 silly publish { name: 'bgg-get',
23 silly publish   version: '3.1.0',
23 silly publish   description: 'a cli tool for getting data from the board game geek api',
23 silly publish   main: 'index.js',
23 silly publish   scripts:
23 silly publish    { start: 'node index.js',
23 silly publish      test: 'node bin/index.js --sheet=\'Sheet1\' --column=\'id\' --src=./example/bgg.xlsx --out=./example/my-data.json' },
23 silly publish   author: { name: 'Zach Koch' },
23 silly publish   repository:
23 silly publish    { type: 'git',
23 silly publish      url: 'git+https://github.com/ezekeal/bgg-get.git' },
23 silly publish   license: 'ISC',
23 silly publish   dependencies:
23 silly publish    { axios: '^0.15.2',
23 silly publish      'html-entities': '^1.2.0',
23 silly publish      xlsx: '^0.8.0',
23 silly publish      xml2js: '^0.4.16',
23 silly publish      yargs: '^6.5.0' },
23 silly publish   bin: { 'bgg-get': './bin/index.js' },
23 silly publish   readme: '# bgg-get\n\nget the data for a list of games from board game geek and export it to a json file\n\n## how to use\n\nInstall globally to use in the command line\n\n```console\n$ npm i -g bgg-get\n```\n\nCreate an xlsx file with a list of board game geek id numbers\nyou can get the id number from the link to the game\'s page\n\nFor example the id for Catan is 13\nhttps://boardgamegeek.com/boardgame/13/catan\n\nthen run in the console\n\n```console\n$ bgg-get --sheet=[sheet name] \\\n--column=[column name] \\\n--src=[path to xlsx file] \\\n--out=[path to save your file]\n```\n\n### example\n```console\n$ bgg-get --sheet=\'Sheet1\' \\\n--column=\'id\' \\\n--src=./bgg.xlsx \\\n--out=./my-data.json\n```\n',
23 silly publish   readmeFilename: 'readme.md',
23 silly publish   gitHead: '5ce5a7ee011818e57e71c4eabe241fa8427514a2',
23 silly publish   bugs: { url: 'https://github.com/ezekeal/bgg-get/issues' },
23 silly publish   homepage: 'https://github.com/ezekeal/bgg-get#readme',
23 silly publish   _id: 'bgg-get@3.1.0',
23 silly publish   _shasum: 'c21f496c76877e09a9a08ea355ac2af2e544efab',
23 silly publish   _from: '.' }
24 info lifecycle bgg-get@3.1.0~prepublishOnly: bgg-get@3.1.0
25 silly lifecycle bgg-get@3.1.0~prepublishOnly: no script for prepublishOnly, continuing
26 verbose getPublishConfig undefined
27 silly mapToRegistry name bgg-get
28 silly mapToRegistry using default registry
29 silly mapToRegistry registry https://registry.npmjs.org/
30 silly mapToRegistry data Result {
30 silly mapToRegistry   raw: 'bgg-get',
30 silly mapToRegistry   scope: null,
30 silly mapToRegistry   escapedName: 'bgg-get',
30 silly mapToRegistry   name: 'bgg-get',
30 silly mapToRegistry   rawSpec: '',
30 silly mapToRegistry   spec: 'latest',
30 silly mapToRegistry   type: 'tag' }
31 silly mapToRegistry uri https://registry.npmjs.org/bgg-get
32 verbose publish registryBase https://registry.npmjs.org/
33 silly publish uploading /Users/zach/.npm/bgg-get/3.1.0/package.tgz
34 verbose request uri https://registry.npmjs.org/bgg-get
35 verbose request sending authorization for write operation
36 info attempt registry request try #1 at 12:33:27 AM
37 verbose request using bearer token for auth
38 verbose request id 3d6525e0d0bb6e24
39 http request PUT https://registry.npmjs.org/bgg-get
40 http 403 https://registry.npmjs.org/bgg-get
41 verbose headers { 'content-type': 'application/json',
41 verbose headers   'cache-control': 'max-age=300',
41 verbose headers   'content-length': '95',
41 verbose headers   'accept-ranges': 'bytes',
41 verbose headers   date: 'Mon, 12 Dec 2016 06:33:28 GMT',
41 verbose headers   via: '1.1 varnish',
41 verbose headers   connection: 'keep-alive',
41 verbose headers   'x-served-by': 'cache-dfw1834-DFW',
41 verbose headers   'x-cache': 'MISS',
41 verbose headers   'x-cache-hits': '0',
41 verbose headers   'x-timer': 'S1481524407.723718,VS0,VE1167',
41 verbose headers   vary: 'Accept-Encoding' }
42 verbose request invalidating /Users/zach/.npm/registry.npmjs.org/bgg-get on PUT
43 error publish Failed PUT 403
44 verbose stack Error: "You cannot publish over the previously published version 3.1.0." : bgg-get
44 verbose stack     at makeError (/Users/zach/.nvm/versions/node/v6.9.1/lib/node_modules/npm/node_modules/npm-registry-client/lib/request.js:302:12)
44 verbose stack     at CachingRegistryClient.<anonymous> (/Users/zach/.nvm/versions/node/v6.9.1/lib/node_modules/npm/node_modules/npm-registry-client/lib/request.js:290:14)
44 verbose stack     at Request._callback (/Users/zach/.nvm/versions/node/v6.9.1/lib/node_modules/npm/node_modules/npm-registry-client/lib/request.js:210:14)
44 verbose stack     at Request.self.callback (/Users/zach/.nvm/versions/node/v6.9.1/lib/node_modules/npm/node_modules/request/request.js:186:22)
44 verbose stack     at emitTwo (events.js:106:13)
44 verbose stack     at Request.emit (events.js:191:7)
44 verbose stack     at Request.<anonymous> (/Users/zach/.nvm/versions/node/v6.9.1/lib/node_modules/npm/node_modules/request/request.js:1081:10)
44 verbose stack     at emitOne (events.js:96:13)
44 verbose stack     at Request.emit (events.js:188:7)
44 verbose stack     at IncomingMessage.<anonymous> (/Users/zach/.nvm/versions/node/v6.9.1/lib/node_modules/npm/node_modules/request/request.js:1001:12)
45 verbose statusCode 403
46 verbose pkgid bgg-get
47 verbose cwd /Users/zach/bgg-get
48 error Darwin 16.1.0
49 error argv "/Users/zach/.nvm/versions/node/v6.9.1/bin/node" "/Users/zach/.nvm/versions/node/v6.9.1/bin/npm" "publish"
50 error node v6.9.1
51 error npm  v4.0.2
52 error code E403
53 error "You cannot publish over the previously published version 3.1.0." : bgg-get
54 error If you need help, you may report this error at:
54 error     <https://github.com/npm/npm/issues>
55 verbose exit [ 1, true ]
